2023-07-20 15:12:16,371 - INFO - Server is running on Port: 102
2023-07-20 15:12:21,692 - INFO - Server is being stopped...
2023-07-20 15:16:16,068 - INFO - Server is running on Port: 102
2023-07-20 15:16:27,510 - INFO - Server is being stopped...
2023-07-20 15:20:17,414 - INFO - Server is running on Port: 102
2023-07-20 15:20:25,333 - INFO - Server is being stopped...
2023-07-20 15:21:12,005 - INFO - Server is running on Port: 102
2023-07-20 15:26:50,741 - INFO - Server is being stopped...
2023-07-20 16:02:11,941 - INFO - Server is running on Port: 102
2023-07-20 16:02:12,040 - INFO - Server is being stopped...
2023-07-20 16:04:06,530 - INFO - Server is running on Port: 102
2023-07-20 16:04:06,630 - INFO - Server is being stopped...
2023-07-20 16:04:44,162 - INFO - Server is running on Port: 102
2023-07-20 16:04:44,261 - INFO - Server is being stopped...
2023-07-20 16:06:50,036 - INFO - Server is running on Port: 102
2023-07-20 16:07:03,788 - INFO - Server is being stopped...
2023-07-20 16:08:39,701 - INFO - Server is running on Port: 102
2023-07-20 16:08:45,838 - INFO - Server is being stopped...
2023-07-20 16:11:18,833 - INFO - Server is running on Port: 102
2023-07-20 16:11:24,049 - INFO - Server is being stopped...
2023-07-20 16:11:40,356 - INFO - Server is running on Port: 102
2023-07-20 16:11:46,576 - INFO - Server is being stopped...
2023-07-20 16:13:49,183 - INFO - Server is running on Port: 102
2023-07-20 16:13:49,183 - INFO - test
2023-07-20 16:13:54,904 - INFO - Server is being stopped...
2023-07-20 16:20:15,938 - INFO - Server is running on Port: 102
2023-07-20 16:20:15,939 - INFO - {<AddressFamily.AF_INET: 2>}
2023-07-20 16:20:15,939 - INFO - test
2023-07-20 16:20:24,611 - INFO - Server is being stopped...
2023-07-20 16:22:54,362 - INFO - Server is running on Port: 102
2023-07-20 16:22:54,363 - INFO - AddressFamily.AF_INET
2023-07-20 16:22:59,678 - INFO - Server is being stopped...
2023-07-20 16:36:16,883 - INFO - Server is running on Port: 102
2023-07-20 16:36:16,981 - INFO - Server is being stopped...
2023-07-20 16:39:48,137 - INFO - Server is running on Port: 102
2023-07-20 16:39:48,236 - INFO - Server is being stopped...
2023-07-20 16:40:26,194 - INFO - Server is running on Port: 102
2023-07-20 16:40:26,293 - INFO - Server is being stopped...
2023-07-20 16:40:32,765 - INFO - Server is running on Port: 102
2023-07-20 16:40:32,865 - INFO - Server is being stopped...
2023-07-20 16:40:44,840 - INFO - Server is running on Port: 102
2023-07-20 16:40:44,943 - INFO - Server is being stopped...
2023-07-20 16:42:24,191 - INFO - Server is running on Port: 102
2023-07-20 16:42:24,291 - INFO - Server is being stopped...
2023-07-20 16:42:56,549 - INFO - Server is running on Port: 102
2023-07-20 16:42:56,649 - INFO - Server is being stopped...
2023-07-20 16:45:24,087 - INFO - Server is running on Port: 102
2023-07-20 16:45:24,186 - INFO - Server is being stopped...
2023-07-20 16:45:29,652 - INFO - Server is running on Port: 102
2023-07-20 16:45:29,751 - INFO - Server is being stopped...
2023-07-20 16:46:26,009 - INFO - Server is running on Port: 102
2023-07-20 16:46:26,108 - INFO - Server is being stopped...
2023-07-20 16:48:43,840 - INFO - Server is running on Port: 102
2023-07-20 16:48:43,940 - INFO - Server is being stopped...
2023-07-20 16:56:39,047 - INFO - Server is running on Port: 102
2023-07-20 16:56:39,146 - INFO - Server is being stopped...
2023-07-20 16:58:08,482 - INFO - Server is running on Port: 102
2023-07-20 16:58:08,582 - INFO - Server is being stopped...
2023-07-21 09:55:49,521 - INFO - Server is running on Port: 102
2023-07-21 09:55:49,621 - INFO - Server is being stopped...
2023-07-21 10:01:15,378 - INFO - Server is running on Port: 102
2023-07-21 10:01:15,478 - INFO - Server is being stopped...
2023-07-21 10:03:44,116 - INFO - Server is running on Port: 102
2023-07-21 10:04:04,385 - INFO - Server is being stopped...
2023-07-21 10:08:21,965 - INFO - Server is running on Port: 102
2023-07-21 10:08:43,602 - INFO - Server is being stopped...
2023-07-21 10:10:20,590 - INFO - Server is running on Port: 102
2023-07-21 10:10:30,022 - INFO - Server is being stopped...
2023-07-21 10:34:28,915 - INFO - Server is running on Port: 102
2023-07-21 10:34:29,015 - INFO - Server is being stopped...
2023-07-21 10:37:58,235 - INFO - Server is running on Port: 102
2023-07-21 10:38:10,774 - INFO - Server is being stopped...
2023-07-21 10:38:44,882 - INFO - Server is running on Port: 102
2023-07-21 10:38:46,285 - INFO - Server is being stopped...
2023-07-21 10:57:20,746 - INFO - Server is running on Port: 102
2023-07-21 10:57:30,676 - INFO - Server is being stopped...
2023-07-21 10:58:54,914 - INFO - Server is running on Port: 102
2023-07-21 10:59:00,229 - INFO - Server is being stopped...
2023-07-21 10:59:41,938 - INFO - Server is running on Port: 102
2023-07-21 10:59:46,753 - INFO - Server is being stopped...
2023-07-21 11:00:30,487 - INFO - Server is running on Port: 102
2023-07-21 11:00:37,709 - INFO - Server is being stopped...
2023-07-21 11:04:45,179 - INFO - Server is running on Port: 102
2023-07-21 11:04:51,095 - INFO - Server is being stopped...
2023-07-21 11:05:43,119 - INFO - Server is running on Port: 102
2023-07-21 11:05:51,943 - INFO - Server is being stopped...
2023-07-21 11:11:35,029 - INFO - Server is running on Port: 102
2023-07-21 11:11:36,035 - INFO - Server is being stopped...
